node:events:487
      throw er; // Unhandled 'error' event
      ^

Error: listen EADDRINUSE: address already in use :::3001
    at Server.setupListenHandle [as _listen2] (node:net:2167:16)
    at listenInCluster (node:net:2224:12)
    at Server.listen (node:net:2344:7)
    at app.listen (/data/data/com.termux/files/home/storystudio/backend/node_modules/express/lib/application.js:635:24)
    at file:///data/data/com.termux/files/home/storystudio/backend/src/index.js:20:5
    at ModuleJob.run (node:internal/modules/esm/module_job:447:25)
    at async onImport.tracePromise.__proto__ (node:internal/modules/esm/loader:646:26)
    at async asyncRunEntryPointWithESMLoader (node:internal/modules/run_main:101:5)
Emitted 'error' event on Server instance at:
    at emitErrorNT (node:net:2203:8)
    at process.processTicksAndRejections (node:internal/process/task_queues:90:21) {
  code: 'EADDRINUSE',
  errno: -98,
  syscall: 'listen',
  address: '::',
  port: 3001
}

Node.js v26.4.0
